2024-11-09 19:06:40,375 - finetune_similarity - INFO - Copy the Config file from cfgs/transfer/base/finetune_similarity.yaml to ./experiments/finetune_similarity/base/exp1/config.yaml
2024-11-09 19:06:40,375 - finetune_similarity - INFO - args.config : cfgs/transfer/base/finetune_similarity.yaml
2024-11-09 19:06:40,375 - finetune_similarity - INFO - args.distributed : False
2024-11-09 19:06:40,376 - finetune_similarity - INFO - args.local_rank : 0
2024-11-09 19:06:40,376 - finetune_similarity - INFO - args.num_workers : 8
2024-11-09 19:06:40,376 - finetune_similarity - INFO - args.seed : 6383
2024-11-09 19:06:40,376 - finetune_similarity - INFO - args.deterministic : False
2024-11-09 19:06:40,377 - finetune_similarity - INFO - args.sync_bn : False
2024-11-09 19:06:40,377 - finetune_similarity - INFO - args.exp_name : exp1
2024-11-09 19:06:40,377 - finetune_similarity - INFO - args.start_ckpts : None
2024-11-09 19:06:40,377 - finetune_similarity - INFO - args.ckpts : best_lvis.pth
2024-11-09 19:06:40,378 - finetune_similarity - INFO - args.val_freq : 1
2024-11-09 19:06:40,378 - finetune_similarity - INFO - args.vote : False
2024-11-09 19:06:40,378 - finetune_similarity - INFO - args.resume : False
2024-11-09 19:06:40,379 - finetune_similarity - INFO - args.svm : False
2024-11-09 19:06:40,379 - finetune_similarity - INFO - args.zeroshot : False
2024-11-09 19:06:40,379 - finetune_similarity - INFO - args.test : False
2024-11-09 19:06:40,379 - finetune_similarity - INFO - args.reconstruct : False
2024-11-09 19:06:40,379 - finetune_similarity - INFO - args.contrast : False
2024-11-09 19:06:40,380 - finetune_similarity - INFO - args.finetune_model : True
2024-11-09 19:06:40,380 - finetune_similarity - INFO - args.way : -1
2024-11-09 19:06:40,380 - finetune_similarity - INFO - args.shot : -1
2024-11-09 19:06:40,380 - finetune_similarity - INFO - args.fold : -1
2024-11-09 19:06:40,381 - finetune_similarity - INFO - args.experiment_path : ./experiments/finetune_similarity/base/exp1
2024-11-09 19:06:40,381 - finetune_similarity - INFO - args.tfboard_path : ./experiments/finetune_similarity/base/TFBoard/exp1
2024-11-09 19:06:40,381 - finetune_similarity - INFO - args.log_name : finetune_similarity
2024-11-09 19:06:40,382 - finetune_similarity - INFO - config.optimizer = edict()
2024-11-09 19:06:40,382 - finetune_similarity - INFO - config.optimizer.type : AdamW
2024-11-09 19:06:40,382 - finetune_similarity - INFO - config.optimizer.kwargs = edict()
2024-11-09 19:06:40,383 - finetune_similarity - INFO - config.optimizer.kwargs.lr : 1e-5
2024-11-09 19:06:40,383 - finetune_similarity - INFO - config.optimizer.kwargs.weight_decay : 0.05
2024-11-09 19:06:40,383 - finetune_similarity - INFO - config.scheduler = edict()
2024-11-09 19:06:40,383 - finetune_similarity - INFO - config.scheduler.type : CosLR
2024-11-09 19:06:40,384 - finetune_similarity - INFO - config.scheduler.kwargs = edict()
2024-11-09 19:06:40,384 - finetune_similarity - INFO - config.scheduler.kwargs.epochs : 300
2024-11-09 19:06:40,384 - finetune_similarity - INFO - config.scheduler.kwargs.initial_epochs : 10
2024-11-09 19:06:40,384 - finetune_similarity - INFO - config.dataset = edict()
2024-11-09 19:06:40,385 - finetune_similarity - INFO - config.dataset.train = edict()
2024-11-09 19:06:40,385 - finetune_similarity - INFO - config.dataset.train._base_ = edict()
2024-11-09 19:06:40,385 - finetune_similarity - INFO - config.dataset.train._base_.NAME : ModelNet
2024-11-09 19:06:40,386 - finetune_similarity - INFO - config.dataset.train._base_.DATA_PATH : data/ModelNet/modelnet40_normal_resampled
2024-11-09 19:06:40,386 - finetune_similarity - INFO - config.dataset.train._base_.N_POINTS : 8192
2024-11-09 19:06:40,387 - finetune_similarity - INFO - config.dataset.train._base_.NUM_CATEGORY : 40
2024-11-09 19:06:40,387 - finetune_similarity - INFO - config.dataset.train._base_.USE_NORMALS : False
2024-11-09 19:06:40,387 - finetune_similarity - INFO - config.dataset.train.others = edict()
2024-11-09 19:06:40,387 - finetune_similarity - INFO - config.dataset.train.others.subset : train
2024-11-09 19:06:40,388 - finetune_similarity - INFO - config.dataset.train.others.bs : 8
2024-11-09 19:06:40,388 - finetune_similarity - INFO - config.dataset.val = edict()
2024-11-09 19:06:40,388 - finetune_similarity - INFO - config.dataset.val._base_ = edict()
2024-11-09 19:06:40,389 - finetune_similarity - INFO - config.dataset.val._base_.NAME : ModelNet
2024-11-09 19:06:40,389 - finetune_similarity - INFO - config.dataset.val._base_.DATA_PATH : data/ModelNet/modelnet40_normal_resampled
2024-11-09 19:06:40,389 - finetune_similarity - INFO - config.dataset.val._base_.N_POINTS : 8192
2024-11-09 19:06:40,389 - finetune_similarity - INFO - config.dataset.val._base_.NUM_CATEGORY : 40
2024-11-09 19:06:40,390 - finetune_similarity - INFO - config.dataset.val._base_.USE_NORMALS : False
2024-11-09 19:06:40,390 - finetune_similarity - INFO - config.dataset.val.others = edict()
2024-11-09 19:06:40,390 - finetune_similarity - INFO - config.dataset.val.others.subset : test
2024-11-09 19:06:40,390 - finetune_similarity - INFO - config.dataset.val.others.bs : 8
2024-11-09 19:06:40,391 - finetune_similarity - INFO - config.dataset.test = edict()
2024-11-09 19:06:40,391 - finetune_similarity - INFO - config.dataset.test._base_ = edict()
2024-11-09 19:06:40,391 - finetune_similarity - INFO - config.dataset.test._base_.NAME : ModelNet
2024-11-09 19:06:40,392 - finetune_similarity - INFO - config.dataset.test._base_.DATA_PATH : data/ModelNet/modelnet40_normal_resampled
2024-11-09 19:06:40,392 - finetune_similarity - INFO - config.dataset.test._base_.N_POINTS : 8192
2024-11-09 19:06:40,392 - finetune_similarity - INFO - config.dataset.test._base_.NUM_CATEGORY : 40
2024-11-09 19:06:40,392 - finetune_similarity - INFO - config.dataset.test._base_.USE_NORMALS : False
2024-11-09 19:06:40,393 - finetune_similarity - INFO - config.dataset.test.others = edict()
2024-11-09 19:06:40,393 - finetune_similarity - INFO - config.dataset.test.others.subset : test
2024-11-09 19:06:40,393 - finetune_similarity - INFO - config.dataset.test.others.bs : 8
2024-11-09 19:06:40,393 - finetune_similarity - INFO - config.model = edict()
2024-11-09 19:06:40,394 - finetune_similarity - INFO - config.model.NAME : PointTransformer
2024-11-09 19:06:40,394 - finetune_similarity - INFO - config.model.embed_dim : 768
2024-11-09 19:06:40,394 - finetune_similarity - INFO - config.model.depth : 12
2024-11-09 19:06:40,394 - finetune_similarity - INFO - config.model.drop_path_rate : 0.2
2024-11-09 19:06:40,395 - finetune_similarity - INFO - config.model.num_heads : 12
2024-11-09 19:06:40,395 - finetune_similarity - INFO - config.model.group_size : 32
2024-11-09 19:06:40,395 - finetune_similarity - INFO - config.model.num_group : 512
2024-11-09 19:06:40,395 - finetune_similarity - INFO - config.model.with_color : False
2024-11-09 19:06:40,396 - finetune_similarity - INFO - config.model.large_embedding : False
2024-11-09 19:06:40,396 - finetune_similarity - INFO - config.model.img_queries : 13
2024-11-09 19:06:40,396 - finetune_similarity - INFO - config.model.text_queries : 3
2024-11-09 19:06:40,396 - finetune_similarity - INFO - config.model.decoder_depth : 4
2024-11-09 19:06:40,397 - finetune_similarity - INFO - config.model.pos_threshold : 0.7
2024-11-09 19:06:40,397 - finetune_similarity - INFO - config.model.neg_threshold : 0.3
2024-11-09 19:06:40,397 - finetune_similarity - INFO - config.model.num_features : 128
2024-11-09 19:06:40,397 - finetune_similarity - INFO - config.npoints : 8192
2024-11-09 19:06:40,398 - finetune_similarity - INFO - config.total_bs : 8
2024-11-09 19:06:40,398 - finetune_similarity - INFO - config.step_per_update : 1
2024-11-09 19:06:40,398 - finetune_similarity - INFO - config.max_epoch : 300
2024-11-09 19:06:40,398 - finetune_similarity - INFO - config.grad_norm_clip : 10
2024-11-09 19:06:40,399 - finetune_similarity - INFO - Distributed training: False
2024-11-09 19:06:40,399 - finetune_similarity - INFO - Set random seed to 6383, deterministic: False
2024-11-09 19:07:12,451 - finetune_similarity - INFO - Using Data parallel ...
2024-11-09 19:07:12,468 - finetune_similarity - INFO - Total number of parameters: 199.48M
2024-11-09 19:07:12,472 - finetune_similarity - INFO - Total number of trainable parameters: 199.48M
